This is pdfTeX, Version 3.141592653-2.6-1.40.24 (TeX Live 2022) (preloaded format=pdflatex 2022.6.11)  26 DEC 2025 14:05
entering extended mode
 restricted \write18 enabled.
 file:line:error style messages enabled.
 %&-line parsing enabled.
**Marshall_extCV2026.tex
(./Marshall_extCV2026.tex
LaTeX2e <2022-06-01> pre-release-0 (develop 2022-6-11 branch)
L3 programming layer <2022-06-02>
(/usr/local/texlive/2022/texmf-dist/tex/latex/base/article.cls
Document Class: article 2021/10/04 v1.4n Standard LaTeX document class
(/usr/local/texlive/2022/texmf-dist/tex/latex/base/size11.clo
File: size11.clo 2021/10/04 v1.4n Standard LaTeX file (size option)
)
\c@part=\count185
\c@section=\count186
\c@subsection=\count187
\c@subsubsection=\count188
\c@paragraph=\count189
\c@subparagraph=\count190
\c@figure=\count191
\c@table=\count192
\abovecaptionskip=\skip47
\belowcaptionskip=\skip48
\bibindent=\dimen138
)
(/usr/local/texlive/2022/texmf-dist/tex/latex/hyperref/hyperref.sty
Package: hyperref 2022-05-17 v7.00q Hypertext links for LaTeX

(/usr/local/texlive/2022/texmf-dist/tex/generic/ltxcmds/ltxcmds.sty
Package: ltxcmds 2020-05-10 v1.25 LaTeX kernel commands for general use (HO)
)
(/usr/local/texlive/2022/texmf-dist/tex/generic/iftex/iftex.sty
Package: iftex 2022/02/03 v1.0f TeX engine tests
)
(/usr/local/texlive/2022/texmf-dist/tex/generic/pdftexcmds/pdftexcmds.sty
Package: pdftexcmds 2020-06-27 v0.33 Utility functions of pdfTeX for LuaTeX (HO
)

(/usr/local/texlive/2022/texmf-dist/tex/generic/infwarerr/infwarerr.sty
Package: infwarerr 2019/12/03 v1.5 Providing info/warning/error messages (HO)
)
Package pdftexcmds Info: \pdf@primitive is available.
Package pdftexcmds Info: \pdf@ifprimitive is available.
Package pdftexcmds Info: \pdfdraftmode found.
)
(/usr/local/texlive/2022/texmf-dist/tex/latex/graphics/keyval.sty
Package: keyval 2022/05/29 v1.15 key=value parser (DPC)
\KV@toks@=\toks16
)
(/usr/local/texlive/2022/texmf-dist/tex/generic/kvsetkeys/kvsetkeys.sty
Package: kvsetkeys 2019/12/15 v1.18 Key value parser (HO)
)
(/usr/local/texlive/2022/texmf-dist/tex/generic/kvdefinekeys/kvdefinekeys.sty
Package: kvdefinekeys 2019-12-19 v1.6 Define keys (HO)
)
(/usr/local/texlive/2022/texmf-dist/tex/generic/pdfescape/pdfescape.sty
Package: pdfescape 2019/12/09 v1.15 Implements pdfTeX's escape features (HO)
)
(/usr/local/texlive/2022/texmf-dist/tex/latex/hycolor/hycolor.sty
Package: hycolor 2020-01-27 v1.10 Color options for hyperref/bookmark (HO)
)
(/usr/local/texlive/2022/texmf-dist/tex/latex/letltxmacro/letltxmacro.sty
Package: letltxmacro 2019/12/03 v1.6 Let assignment for LaTeX macros (HO)
)
(/usr/local/texlive/2022/texmf-dist/tex/latex/auxhook/auxhook.sty
Package: auxhook 2019-12-17 v1.6 Hooks for auxiliary files (HO)
)
(/usr/local/texlive/2022/texmf-dist/tex/latex/hyperref/nameref.sty
Package: nameref 2022-05-17 v2.50 Cross-referencing by name of section

(/usr/local/texlive/2022/texmf-dist/tex/latex/refcount/refcount.sty
Package: refcount 2019/12/15 v3.6 Data extraction from label references (HO)
)
(/usr/local/texlive/2022/texmf-dist/tex/generic/gettitlestring/gettitlestring.s
ty
Package: gettitlestring 2019/12/15 v1.6 Cleanup title references (HO)
 (/usr/local/texlive/2022/texmf-dist/tex/latex/kvoptions/kvoptions.sty
Package: kvoptions 2020-10-07 v3.14 Key value format for package options (HO)
))
\c@section@level=\count193
)
\@linkdim=\dimen139
\Hy@linkcounter=\count194
\Hy@pagecounter=\count195

(/usr/local/texlive/2022/texmf-dist/tex/latex/hyperref/pd1enc.def
File: pd1enc.def 2022-05-17 v7.00q Hyperref: PDFDocEncoding definition (HO)
Now handling font encoding PD1 ...
... no UTF-8 mapping file for font encoding PD1
)
(/usr/local/texlive/2022/texmf-dist/tex/generic/intcalc/intcalc.sty
Package: intcalc 2019/12/15 v1.3 Expandable calculations with integers (HO)
)
(/usr/local/texlive/2022/texmf-dist/tex/generic/etexcmds/etexcmds.sty
Package: etexcmds 2019/12/15 v1.7 Avoid name clashes with e-TeX commands (HO)
)
\Hy@SavedSpaceFactor=\count196

(/usr/local/texlive/2022/texmf-dist/tex/latex/hyperref/puenc.def
File: puenc.def 2022-05-17 v7.00q Hyperref: PDF Unicode definition (HO)
Now handling font encoding PU ...
... no UTF-8 mapping file for font encoding PU
)
Package hyperref Info: Hyper figures OFF on input line 4139.
Package hyperref Info: Link nesting OFF on input line 4144.
Package hyperref Info: Hyper index ON on input line 4147.
Package hyperref Info: Plain pages OFF on input line 4154.
Package hyperref Info: Backreferencing OFF on input line 4159.
Package hyperref Info: Implicit mode ON; LaTeX internals redefined.
Package hyperref Info: Bookmarks ON on input line 4385.
\c@Hy@tempcnt=\count197

(/usr/local/texlive/2022/texmf-dist/tex/latex/url/url.sty
\Urlmuskip=\muskip16
Package: url 2013/09/16  ver 3.4  Verb mode for urls, etc.
)
LaTeX Info: Redefining \url on input line 4723.
\XeTeXLinkMargin=\dimen140

(/usr/local/texlive/2022/texmf-dist/tex/generic/bitset/bitset.sty
Package: bitset 2019/12/09 v1.3 Handle bit-vector datatype (HO)

(/usr/local/texlive/2022/texmf-dist/tex/generic/bigintcalc/bigintcalc.sty
Package: bigintcalc 2019/12/15 v1.5 Expandable calculations on big integers (HO
)
))
\Fld@menulength=\count198
\Field@Width=\dimen141
\Fld@charsize=\dimen142
Package hyperref Info: Hyper figures OFF on input line 6001.
Package hyperref Info: Link nesting OFF on input line 6006.
Package hyperref Info: Hyper index ON on input line 6009.
Package hyperref Info: backreferencing OFF on input line 6016.
Package hyperref Info: Link coloring OFF on input line 6021.
Package hyperref Info: Link coloring with OCG OFF on input line 6026.
Package hyperref Info: PDF/A mode OFF on input line 6031.

(/usr/local/texlive/2022/texmf-dist/tex/latex/base/atbegshi-ltx.sty
Package: atbegshi-ltx 2021/01/10 v1.0c Emulation of the original atbegshi
package with kernel methods
)
\Hy@abspage=\count199
\c@Item=\count266
\c@Hfootnote=\count267
)
Package hyperref Info: Driver (autodetected): hpdftex.

(/usr/local/texlive/2022/texmf-dist/tex/latex/hyperref/hpdftex.def
File: hpdftex.def 2022-05-17 v7.00q Hyperref driver for pdfTeX

(/usr/local/texlive/2022/texmf-dist/tex/latex/base/atveryend-ltx.sty
Package: atveryend-ltx 2020/08/19 v1.0a Emulation of the original atveryend pac
kage
with kernel methods
)
\Fld@listcount=\count268
\c@bookmark@seq@number=\count269

(/usr/local/texlive/2022/texmf-dist/tex/latex/rerunfilecheck/rerunfilecheck.sty
Package: rerunfilecheck 2019/12/05 v1.9 Rerun checks for auxiliary files (HO)

(/usr/local/texlive/2022/texmf-dist/tex/generic/uniquecounter/uniquecounter.sty
Package: uniquecounter 2019/12/15 v1.4 Provide unlimited unique counter (HO)
)
Package uniquecounter Info: New unique counter `rerunfilecheck' on input line 2
86.
)
\Hy@SectionHShift=\skip49
) (/usr/local/texlive/2022/texmf-dist/tex/latex/geometry/geometry.sty
Package: geometry 2020/01/02 v5.9 Page Geometry

(/usr/local/texlive/2022/texmf-dist/tex/generic/iftex/ifvtex.sty
Package: ifvtex 2019/10/25 v1.7 ifvtex legacy package. Use iftex instead.
)
\Gm@cnth=\count270
\Gm@cntv=\count271
\c@Gm@tempcnt=\count272
\Gm@bindingoffset=\dimen143
\Gm@wd@mp=\dimen144
\Gm@odd@mp=\dimen145
\Gm@even@mp=\dimen146
\Gm@layoutwidth=\dimen147
\Gm@layoutheight=\dimen148
\Gm@layouthoffset=\dimen149
\Gm@layoutvoffset=\dimen150
\Gm@dimlist=\toks17
)
(/usr/local/texlive/2022/texmf-dist/tex/latex/listliketab/listliketab.sty
Package: listliketab 2005/01/09 v1.0a Create list-like tabulars

(/usr/local/texlive/2022/texmf-dist/tex/latex/tools/calc.sty
Package: calc 2017/05/25 v4.3 Infix arithmetic (KKT,FJ)
\calc@Acount=\count273
\calc@Bcount=\count274
\calc@Adimen=\dimen151
\calc@Bdimen=\dimen152
\calc@Askip=\skip50
\calc@Bskip=\skip51
LaTeX Info: Redefining \setlength on input line 80.
LaTeX Info: Redefining \addtolength on input line 81.
\calc@Ccount=\count275
\calc@Cskip=\skip52
)
(/usr/local/texlive/2022/texmf-dist/tex/latex/tools/array.sty
Package: array 2022/03/10 v2.5f Tabular extension package (FMi)
\col@sep=\dimen153
\ar@mcellbox=\box51
\extrarowheight=\dimen154
\NC@list=\toks18
\extratabsurround=\skip53
\backup@length=\skip54
\ar@cellbox=\box52
)
\llt@labelwidth=\skip55
\llt@labelsep=\skip56
\llt@topsep=\skip57
\llt@rightmargin=\skip58
\llt@tab@indent=\skip59
\llt@bot@sep=\skip60
\llt@arraystretch=\skip61
\llt@list@box=\box53
)
(/usr/local/texlive/2022/texmf-dist/tex/latex/tools/longtable.sty
Package: longtable 2021-09-01 v4.17 Multi-page Table package (DPC)
\LTleft=\skip62
\LTright=\skip63
\LTpre=\skip64
\LTpost=\skip65
\LTchunksize=\count276
\LTcapwidth=\dimen155
\LT@head=\box54
\LT@firsthead=\box55
\LT@foot=\box56
\LT@lastfoot=\box57
\LT@gbox=\box58
\LT@cols=\count277
\LT@rows=\count278
\c@LT@tables=\count279
\c@LT@chunks=\count280
\LT@p@ftn=\toks19
)
(/usr/local/texlive/2022/texmf-dist/tex/latex/caption/caption.sty
Package: caption 2022/03/01 v3.6b Customizing captions (AR)

(/usr/local/texlive/2022/texmf-dist/tex/latex/caption/caption3.sty
Package: caption3 2022/03/17 v2.3b caption3 kernel (AR)
\caption@tempdima=\dimen156
\captionmargin=\dimen157
\caption@leftmargin=\dimen158
\caption@rightmargin=\dimen159
\caption@width=\dimen160
\caption@indent=\dimen161
\caption@parindent=\dimen162
\caption@hangindent=\dimen163
Package caption Info: Standard document class detected.
)
\c@caption@flags=\count281
\c@continuedfloat=\count282
Package caption Info: hyperref package is loaded.
Package caption Info: longtable package is loaded.

(/usr/local/texlive/2022/texmf-dist/tex/latex/caption/ltcaption.sty
Package: ltcaption 2021/01/08 v1.4c longtable captions (AR)
))
(/usr/local/texlive/2022/texmf-dist/tex/latex/natbib/natbib.sty
Package: natbib 2010/09/13 8.31b (PWD, AO)
\bibhang=\skip66
\bibsep=\skip67
LaTeX Info: Redefining \cite on input line 694.
\c@NAT@ctr=\count283
)
(/usr/local/texlive/2022/texmf-dist/tex/latex/natbib/bibentry.sty
Package: bibentry 2007/10/30 1.5 (PWD)
)
(/usr/local/texlive/2022/texmf-dist/tex/latex/enumitem/enumitem.sty
Package: enumitem 2019/06/20 v3.9 Customized lists
\labelindent=\skip68
\enit@outerparindent=\dimen164
\enit@toks=\toks20
\enit@inbox=\box59
\enit@count@id=\count284
\enitdp@description=\count285
)
(./Marshall_extCV2026.bbl)
(/usr/local/texlive/2022/texmf-dist/tex/latex/sectsty/sectsty.sty
Package: sectsty 2002/02/25 v2.0.2 Commands to change all sectional heading sty
les


LaTeX Warning: Command \underbar  has changed.
               Check if current package is valid.


LaTeX Warning: Command \underline  has changed.
               Check if current package is valid.

) (/usr/local/texlive/2022/texmf-dist/tex/latex/l3backend/l3backend-pdftex.def
File: l3backend-pdftex.def 2022-04-20 L3 backend support: PDF output (pdfTeX)
\l__color_backend_stack_int=\count286
\l__pdf_internal_box=\box60
) (./Marshall_extCV2026.aux)
\openout1 = `Marshall_extCV2026.aux'.

LaTeX Font Info:    Checking defaults for OML/cmm/m/it on input line 66.
LaTeX Font Info:    ... okay on input line 66.
LaTeX Font Info:    Checking defaults for OMS/cmsy/m/n on input line 66.
LaTeX Font Info:    ... okay on input line 66.
LaTeX Font Info:    Checking defaults for OT1/cmr/m/n on input line 66.
LaTeX Font Info:    ... okay on input line 66.
LaTeX Font Info:    Checking defaults for T1/cmr/m/n on input line 66.
LaTeX Font Info:    ... okay on input line 66.
LaTeX Font Info:    Checking defaults for TS1/cmr/m/n on input line 66.
LaTeX Font Info:    ... okay on input line 66.
LaTeX Font Info:    Checking defaults for OMX/cmex/m/n on input line 66.
LaTeX Font Info:    ... okay on input line 66.
LaTeX Font Info:    Checking defaults for U/cmr/m/n on input line 66.
LaTeX Font Info:    ... okay on input line 66.
LaTeX Font Info:    Checking defaults for PD1/pdf/m/n on input line 66.
LaTeX Font Info:    ... okay on input line 66.
LaTeX Font Info:    Checking defaults for PU/pdf/m/n on input line 66.
LaTeX Font Info:    ... okay on input line 66.
Package hyperref Info: Link coloring OFF on input line 66.
 (./Marshall_extCV2026.out)
(./Marshall_extCV2026.out)
\@outlinefile=\write3
\openout3 = `Marshall_extCV2026.out'.


*geometry* driver: auto-detecting
*geometry* detected driver: pdftex
*geometry* verbose mode - [ preamble ] result:
* driver: pdftex
* paper: <default>
* layout: <same size as paper>
* layoutoffset:(h,v)=(0.0pt,0.0pt)
* modes: 
* h-part:(L,W,R)=(54.2025pt, 469.75499pt, 90.33751pt)
* v-part:(T,H,B)=(72.26999pt, 664.88377pt, 57.81622pt)
* \paperwidth=614.295pt
* \paperheight=794.96999pt
* \textwidth=469.75499pt
* \textheight=664.88377pt
* \oddsidemargin=-18.06749pt
* \evensidemargin=-18.06749pt
* \topmargin=-37.0pt
* \headheight=12.0pt
* \headsep=25.0pt
* \topskip=11.0pt
* \footskip=30.0pt
* \marginparwidth=59.0pt
* \marginparsep=10.0pt
* \columnsep=10.0pt
* \skip\footins=10.0pt plus 4.0pt minus 2.0pt
* \hoffset=0.0pt
* \voffset=0.0pt
* \mag=1000
* \@twocolumnfalse
* \@twosidefalse
* \@mparswitchfalse
* \@reversemargintrue
* (1in=72.27pt=25.4mm, 1cm=28.453pt)

Package caption Info: Begin \AtBeginDocument code.
Package caption Info: End \AtBeginDocument code.

Underfull \hbox (badness 10000) in paragraph at lines 75--79

 []

LaTeX Font Info:    External font `cmex10' loaded for size
(Font)              <10.95> on input line 79.
LaTeX Font Info:    External font `cmex10' loaded for size
(Font)              <8> on input line 79.
LaTeX Font Info:    External font `cmex10' loaded for size
(Font)              <6> on input line 79.

Overfull \hbox (2.43332pt too wide) in paragraph at lines 74--87
[]$[]$ $[]$ 
 []


Overfull \hbox (81.5185pt too wide) in paragraph at lines 103--131
[] 
 []


Underfull \hbox (badness 10000) in paragraph at lines 133--136

 []

[1

{/usr/local/texlive/2022/texmf-var/fonts/map/pdftex/updmap/pdftex.map}]
Overfull \hbox (58.00636pt too wide) in paragraph at lines 140--170
[] 
 []

[2] [3]

Package natbib Warning: Citation `Detre:2025' undefined on input line 199.


Package natbib Warning: Citation `Boueshagh:2025' undefined on input line 200.


Package natbib Warning: Citation `Bonnell:2025' undefined on input line 201.


Package natbib Warning: Citation `Stuefer:2025' undefined on input line 202.


Package natbib Warning: Citation `Tarricone:2025' undefined on input line 203.


Package natbib Warning: Citation `Brangers:2025' undefined on input line 204.


Package natbib Warning: Citation `Alabi:2025' undefined on input line 205.


Package natbib Warning: Citation `Tarres:2025' undefined on input line 206.


Package natbib Warning: Citation `Hale:2025' undefined on input line 207.


Package natbib Warning: Citation `Aberle:2025' undefined on input line 208.


Package natbib Warning: Citation `Wilder:2025' undefined on input line 209.


Package natbib Warning: Citation `Hoppinen:2024b' undefined on input line 210.


Package natbib Warning: Citation `Wilder:2024' undefined on input line 211.


Package natbib Warning: Citation `McDowell:2024' undefined on input line 212.


Package natbib Warning: Citation `Meehan:2024' undefined on input line 213.


Package natbib Warning: Citation `Bonnell:2024b' undefined on input line 214.


Underfull \hbox (badness 1859) in paragraph at lines 214--215
\OT1/cmr/m/n/10.95 maki, R. T., and Hop-pinen, Z. (2024a).  L-band in-sar snow 
wa-ter equiv-a-lent re-
 []


Package natbib Warning: Citation `Tang:2024' undefined on input line 215.


Package natbib Warning: Citation `Oveisgharan:2024' undefined on input line 216
.


Package natbib Warning: Citation `Siqueira:2024' undefined on input line 217.


Underfull \hbox (badness 1406) in paragraph at lines 217--218
\OT1/cmr/m/n/10.95 R., Tsang, L., Bo-rah, F., \OT1/cmr/bx/n/10.95 Mar-shall, H.
P.\OT1/cmr/m/n/10.95 , Deeb, E., and Far-quhar-son, G. (2024).
 []


Package natbib Warning: Citation `Kim:2024' undefined on input line 218.


Package natbib Warning: Citation `Tarres:2024' undefined on input line 219.


Package natbib Warning: Citation `Hoppinen:2024' undefined on input line 220.


Package natbib Warning: Citation `McCaslin:2024' undefined on input line 221.


Package natbib Warning: Citation `Brangers:2024' undefined on input line 222.


Package natbib Warning: Citation `Rudisill:2024' undefined on input line 223.


Package natbib Warning: Citation `Bonnell:2024' undefined on input line 224.


Package natbib Warning: Citation `Hoppinen:2023' undefined on input line 225.


Package natbib Warning: Citation `Wilder:2023' undefined on input line 226.


Package natbib Warning: Citation `Oveisgharan:2023' undefined on input line 227
.


Underfull \hbox (badness 5203) in paragraph at lines 227--228
[]|[]\OT1/cmr/m/n/10.95 Oveisgharan, S., Zinke, R., Ke-sk-i-nen, Z., and \OT1/c
mr/bx/n/10.95 Mar-shall, H.P. \OT1/cmr/m/n/10.95 (2023).  Es-ti-
 []


Underfull \hbox (badness 2027) in paragraph at lines 227--228
\OT1/cmr/m/n/10.95 mat-ing snow wa-ter equiv-a-lent us-ing sentinel-1 repeat-pa
ss in-ter-fer-om-e-try.  \OT1/cmr/m/it/10.95 IGARSS
 []


Underfull \hbox (badness 3503) in paragraph at lines 227--228
\OT1/cmr/m/it/10.95 2023 - 2023 IEEE In-ter-na-tional Geo-science and Re-mote S
ens-ing Sym-po-sium\OT1/cmr/m/n/10.95 , doi:
 []


Package natbib Warning: Citation `Marshall:2023' undefined on input line 228.


Package natbib Warning: Citation `Aberle:2023' undefined on input line 229.


Package natbib Warning: Citation `Meehan:2023b' undefined on input line 230.


Package natbib Warning: Citation `Bonnell:2023' undefined on input line 231.


Package natbib Warning: Citation `McDowell:2023' undefined on input line 232.


Package natbib Warning: Citation `Tarricone:2023' undefined on input line 233.


Package natbib Warning: Citation `Hojati:2023' undefined on input line 234.


Package natbib Warning: Citation `Enderlin:2022' undefined on input line 235.


Package natbib Warning: Citation `McGrath:2022' undefined on input line 236.


Package natbib Warning: Citation `Lund:2022' undefined on input line 237.


Package natbib Warning: Citation `Tsang:2022' undefined on input line 238.


Package natbib Warning: Citation `Kraft:2022' undefined on input line 239.


Package natbib Warning: Citation `Lemmetyinen:2022' undefined on input line 240
.


Package natbib Warning: Citation `Liu:2022' undefined on input line 241.


Package natbib Warning: Citation `Lievens:2022' undefined on input line 242.


Package natbib Warning: Citation `Brangers:2022' undefined on input line 243.


Package natbib Warning: Citation `Adebisi:2022' undefined on input line 244.


Package natbib Warning: Citation `Marshall:2021' undefined on input line 245.


Package natbib Warning: Citation `Lievens:2021a' undefined on input line 246.


Package natbib Warning: Citation `Lewis:2021' undefined on input line 247.


Package natbib Warning: Citation `Hojati:2021' undefined on input line 248.


Package natbib Warning: Citation `Meehan:2021' undefined on input line 249.


Package natbib Warning: Citation `Johnson:2021' undefined on input line 250.


Package natbib Warning: Citation `Kim:2021' undefined on input line 251.


Package natbib Warning: Citation `Liu:2021' undefined on input line 252.


Package natbib Warning: Citation `Webb:2021' undefined on input line 253.


Package natbib Warning: Citation `Bonnell:2021' undefined on input line 254.


Package natbib Warning: Citation `Hedrick:2020' undefined on input line 255.


Package natbib Warning: Citation `Webb:2020' undefined on input line 256.


Package natbib Warning: Citation `Lund:2020' undefined on input line 257.


Package natbib Warning: Citation `McGrath:2019' undefined on input line 258.


Package natbib Warning: Citation `Lievens:2019' undefined on input line 259.


Package natbib Warning: Citation `Lewis:2019' undefined on input line 260.


Package natbib Warning: Citation `Kim:2018' undefined on input line 261.


Package natbib Warning: Citation `Graeter:2018' undefined on input line 262.


Package natbib Warning: Citation `Hedrick:2018' undefined on input line 263.


Package natbib Warning: Citation `McGrath:2018' undefined on input line 264.


Package natbib Warning: Citation `Hagenmuller:2018' undefined on input line 265
.


Package natbib Warning: Citation `McNamara:2018' undefined on input line 266.


Package natbib Warning: Citation `Brucker:2018b' undefined on input line 267.


Package natbib Warning: Citation `Pegau:2017' undefined on input line 268.


Package natbib Warning: Citation `Mikesell:2017' undefined on input line 269.


Package natbib Warning: Citation `Brucker:2017' undefined on input line 270.


Package natbib Warning: Citation `Deeb:2017' undefined on input line 271.


Package natbib Warning: Citation `Kim:2017' undefined on input line 272.


Package natbib Warning: Citation `Lewis:2017' undefined on input line 273.


Package natbib Warning: Citation `Evans:2016' undefined on input line 274.


Package natbib Warning: Citation `Rutter:2016' undefined on input line 275.


Package natbib Warning: Citation `Bradford:2016' undefined on input line 276.


Package natbib Warning: Citation `Heilig:2015' undefined on input line 277.


Package natbib Warning: Citation `Kormos:2015' undefined on input line 278.


Package natbib Warning: Citation `Hedrick:2015' undefined on input line 279.


Package natbib Warning: Citation `McCreight:2014' undefined on input line 280.


Package natbib Warning: Citation `Kormos:2014' undefined on input line 281.


Package natbib Warning: Citation `Havens:2014' undefined on input line 282.


Package natbib Warning: Citation `Walters:2014' undefined on input line 283.


Package natbib Warning: Citation `Anderson:2014' undefined on input line 284.


Package natbib Warning: Citation `Kormos:2014b' undefined on input line 285.


Package natbib Warning: Citation `Tinkham:2014' undefined on input line 286.


Package natbib Warning: Citation `Havens:2013' undefined on input line 287.


Package natbib Warning: Citation `Eiriksson:2013' undefined on input line 288.


Package natbib Warning: Citation `Tinkham:2013' undefined on input line 289.


Package natbib Warning: Citation `Rott:2013' undefined on input line 290.


Package natbib Warning: Citation `Mikesell:2012' undefined on input line 291.


Package natbib Warning: Citation `Marshall:2011' undefined on input line 292.


Package natbib Warning: Citation `Geroy:2011' undefined on input line 293.


Package natbib Warning: Citation `Tape:2010' undefined on input line 294.


Package natbib Warning: Citation `Tape:2010b' undefined on input line 295.


Package natbib Warning: Citation `Koh:2010' undefined on input line 296.


Package natbib Warning: Citation `Marshall:2009' undefined on input line 297.


Package natbib Warning: Citation `Lutz:2009' undefined on input line 298.


Package natbib Warning: Citation `Pielmeier:2009' undefined on input line 299.


Package natbib Warning: Citation `Marshall:2008' undefined on input line 300.


Package natbib Warning: Citation `Hardy:2008' undefined on input line 301.


Package natbib Warning: Citation `Marshall:2008b' undefined on input line 302.


Package natbib Warning: Citation `Marshall:2007' undefined on input line 303.


Package natbib Warning: Citation `ONeel:2007' undefined on input line 304.


Package natbib Warning: Citation `Waddington:2007' undefined on input line 305.



Package natbib Warning: Citation `Marshall:2005' undefined on input line 306.


Package natbib Warning: Citation `Marshall:2004' undefined on input line 307.


Package natbib Warning: Citation `Marshall:2002' undefined on input line 308.


Package natbib Warning: Citation `Marshall:1999' undefined on input line 309.


Package natbib Warning: Citation `Conway:1999' undefined on input line 310.


Package natbib Warning: Citation `Morse:1999' undefined on input line 311.


Overfull \hbox (31.62633pt too wide) in alignment at lines 198--312
 [] [] 
 []

[4] [5] [6] [7] [8] [9] [10] [11] [12] [13] [14]

Package natbib Warning: Citation `Arenson:2021' undefined on input line 318.


Package natbib Warning: Citation `Youngblood:2021' undefined on input line 319.



Package natbib Warning: Citation `Johnson:2021b' undefined on input line 320.


Package natbib Warning: Citation `Meehan:2019' undefined on input line 321.


Package natbib Warning: Citation `Marshall:2015' undefined on input line 322.


Package natbib Warning: Citation `Arenson:2015' undefined on input line 323.


Package natbib Warning: Citation `Havens:2014b' undefined on input line 324.


Overfull \hbox (24.4pt too wide) in alignment at lines 317--325
 [] [] 
 []


Package natbib Warning: Citation `Kane:2025' undefined on input line 330.

./Marshall_extCV2026.tex:330: Missing $ inserted.
<inserted text> 
                $
l.330 2025 & \bibentry{Kane:2025}
                                  \\
? 
./Marshall_extCV2026.tex:330: Emergency stop.
<inserted text> 
                $
l.330 2025 & \bibentry{Kane:2025}
                                  \\
End of file on the terminal!

 
Here is how much of TeX's memory you used:
 10523 strings out of 478040
 173231 string characters out of 5839121
 676142 words of memory out of 5000000
 28740 multiletter control sequences out of 15000+600000
 473610 words of font info for 42 fonts, out of 8000000 for 9000
 1141 hyphenation exceptions out of 8191
 72i,8n,77p,252b,548s stack positions out of 10000i,1000n,20000p,200000b,200000s
./Marshall_extCV2026.tex:330:  ==> Fatal error occurred, no output PDF file pro
duced!
